<?xml version="1.0" encoding="utf-8"?><testsuites name="pytest tests"><testsuite name="pytest" errors="0" failures="0" skipped="0" tests="13" time="8.629" timestamp="2026-09-01T18:34:35.159727+00:00" hostname="agent-env-0c2bcf80-e38b-455d-95f8-cbf4e9bbc51a"><testcase classname="tests.test_reviewer_data_mgmt.TestImportFlow" name="test_preview_no_persist" time="0.632" /><testcase classname="tests.test_reviewer_data_mgmt.TestAddStudent" name="test_add_student_success" time="0.697" /><testcase classname="tests.test_reviewer_data_mgmt.TestImportFlow" name="test_commit_creates_then_updates" time="0.252" /><testcase classname="tests.test_reviewer_data_mgmt.TestAddStudent" name="test_add_student_duplicate_409" time="0.263" /><testcase classname="tests.test_reviewer_data_mgmt.TestImportFlow" name="test_import_demo" time="0.128" /><testcase classname="tests.test_reviewer_data_mgmt.TestAddStudent" name="test_add_student_missing_required_400" time="0.233" /><testcase classname="tests.test_reviewer_data_mgmt.TestRecords" name="test_add_record_and_persist" time="0.470" /><testcase classname="tests.test_reviewer_data_mgmt.TestStatsAndAudit" name="test_students_stats" time="0.151" /><testcase classname="tests.test_reviewer_data_mgmt.TestStatsAndAudit" name="test_audit_log_reflects_recent" time="0.230" /><testcase classname="tests.test_reviewer_data_mgmt.TestRecords" name="test_records_import" time="0.090" /><testcase classname="tests.test_reviewer_data_mgmt.TestRegression" name="test_arjun_profile_intact" time="0.169" /><testcase classname="tests.test_reviewer_data_mgmt.TestImportTemplate" name="test_template_csv" time="0.149" /><testcase classname="tests.test_reviewer_data_mgmt.TestRegression" name="test_signal_llm_explain" time="6.321" /></testsuite></testsuites>