<?xml version="1.0" encoding="utf-8"?><testsuites name="pytest tests"><testsuite name="pytest" errors="0" failures="0" skipped="0" tests="21" time="8.537" timestamp="2026-09-01T17:55:01.778162+00:00" hostname="agent-env-0c2bcf80-e38b-455d-95f8-cbf4e9bbc51a"><testcase classname="tests.backend_test.TestAuth" name="test_demo_login" time="0.328" /><testcase classname="tests.backend_test.TestAuth" name="test_me_unauthenticated" time="0.156" /><testcase classname="tests.backend_test.TestDataEndpoints" name="test_overview" time="0.557" /><testcase classname="tests.backend_test.TestDataEndpoints" name="test_students_list_and_filters" time="0.331" /><testcase classname="tests.backend_test.TestAuth" name="test_me_authenticated" time="0.326" /><testcase classname="tests.backend_test.TestAuth" name="test_logout" time="0.444" /><testcase classname="tests.backend_test.TestDataEndpoints" name="test_student_detail_arjun" time="0.286" /><testcase classname="tests.backend_test.TestDataEndpoints" name="test_signals_endpoints" time="0.491" /><testcase classname="tests.backend_test.TestWorkflows" name="test_llm_explain_non_accusatory" time="5.874" /><testcase classname="tests.backend_test.TestDataEndpoints" name="test_reviews" time="0.255" /><testcase classname="tests.backend_test.TestDataEndpoints" name="test_analytics" time="0.109" /><testcase classname="tests.backend_test.TestDataEndpoints" name="test_courses" time="0.204" /><testcase classname="tests.backend_test.TestDataEndpoints" name="test_data_sources" time="0.104" /><testcase classname="tests.backend_test.TestDataEndpoints" name="test_audit_log" time="0.100" /><testcase classname="tests.backend_test.TestDataEndpoints" name="test_settings" time="0.114" /><testcase classname="tests.backend_test.TestDataEndpoints" name="test_search_arjun" time="0.131" /><testcase classname="tests.backend_test.TestSettings" name="test_thresholds_patch" time="0.156" /><testcase classname="tests.backend_test.TestSettings" name="test_demo_reset" time="0.284" /><testcase classname="tests.backend_test.TestWorkflows" name="test_signal_status_patch_creates_audit" time="0.384" /><testcase classname="tests.backend_test.TestWorkflows" name="test_review_note_and_action" time="0.301" /><testcase classname="tests.backend_test.TestWorkflows" name="test_review_action_invalid" time="0.152" /></testsuite></testsuites>